This file contains any messages produced by compilers while
running configure, to aid debugging if configure makes a mistake.

It was created by putty configure 0.62-2012-09-02, which was
generated by GNU Autoconf 2.61.  Invocation command line was

  $ ./configure 

## --------- ##
## Platform. ##
## --------- ##

hostname = DuanmatoMacBook-Air.local
uname -m = x86_64
uname -r = 11.4.0
uname -s = Darwin
uname -v = Darwin Kernel Version 11.4.0: Mon Apr  9 19:32:15 PDT 2012; root:xnu-1699.26.8~1/RELEASE_X86_64

/usr/bin/uname -p = i386
/bin/uname -X     = unknown

/bin/arch              = unknown
/usr/bin/arch -k       = unknown
/usr/convex/getsysinfo = unknown
/usr/bin/hostinfo      = Mach kernel version:
	 Darwin Kernel Version 11.4.0: Mon Apr  9 19:32:15 PDT 2012; root:xnu-1699.26.8~1/RELEASE_X86_64
Kernel configured for up to 4 processors.
2 processors are physically available.
4 processors are logically available.
Processor type: i486 (Intel 80486)
Processors active: 0 1 2 3
Primary memory available: 4.00 gigabytes
Default processor set: 116 tasks, 596 threads, 4 processors
Load average: 1.17, Mach factor: 2.82
/bin/machine           = unknown
/usr/bin/oslevel       = unknown
/bin/universe          = unknown

PATH: /Applications/grails-2.0.0/bin
PATH: /Applications/groovy-1.8.2/bin
PATH: /usr/local/Cellar/gettext/0.18.1.1/bin
PATH: /usr/bin
PATH: /bin
PATH: /usr/sbin
PATH: /sbin
PATH: /usr/local/bin
PATH: /usr/X11/bin
PATH: /usr/local/git/bin
PATH: /usr/local/go/bin
PATH: /usr/texbin
PATH: /Applications/ChemAxon/JChem/bin
PATH: /Applications/fantom-1.0.61/bin


## ----------- ##
## Core tests. ##
## ----------- ##

configure:1796: checking for a BSD-compatible install
configure:1852: result: /usr/bin/install -c
configure:1863: checking whether build environment is sane
configure:1906: result: yes
configure:1971: checking for gawk
configure:2001: result: no
configure:1971: checking for mawk
configure:2001: result: no
configure:1971: checking for nawk
configure:2001: result: no
configure:1971: checking for awk
configure:1987: found /usr/bin/awk
configure:1998: result: awk
configure:2009: checking whether make sets $(MAKE)
configure:2030: result: yes
configure:2228: checking for a BSD-compatible install
configure:2284: result: /usr/bin/install -c
configure:2338: checking for ranlib
configure:2354: found /usr/bin/ranlib
configure:2365: result: ranlib
configure:2480: checking for style of include used by make
configure:2508: result: GNU
configure:2581: checking for gcc
configure:2597: found /usr/bin/gcc
configure:2608: result: gcc
configure:2846: checking for C compiler version
configure:2853: gcc --version >&5
i686-apple-darwin11-llvm-gcc-4.2 (GCC) 4.2.1 (Based on Apple Inc. build 5658) (LLVM build 2336.9.00)
Copyright (C) 2007 Free Software Foundation, Inc.
This is free software; see the source for copying conditions.  There is NO
warranty; not even for MERCHANTABILITY or FITNESS FOR A PARTICULAR PURPOSE.

configure:2856: $? = 0
configure:2863: gcc -v >&5
Using built-in specs.
Target: i686-apple-darwin11
Configured with: /private/var/tmp/llvmgcc42/llvmgcc42-2336.9~22/src/configure --disable-checking --enable-werror --prefix=/Applications/Xcode.app/Contents/Developer/usr/llvm-gcc-4.2 --mandir=/share/man --enable-languages=c,objc,c++,obj-c++ --program-prefix=llvm- --program-transform-name=/^[cg][^.-]*$/s/$/-4.2/ --with-slibdir=/usr/lib --build=i686-apple-darwin11 --enable-llvm=/private/var/tmp/llvmgcc42/llvmgcc42-2336.9~22/dst-llvmCore/Developer/usr/local --program-prefix=i686-apple-darwin11- --host=x86_64-apple-darwin11 --target=i686-apple-darwin11 --with-gxx-include-dir=/usr/include/c++/4.2.1
Thread model: posix
gcc version 4.2.1 (Based on Apple Inc. build 5658) (LLVM build 2336.9.00)
configure:2866: $? = 0
configure:2873: gcc -V >&5
llvm-gcc-4.2: argument to `-V' is missing
configure:2876: $? = 1
configure:2899: checking for C compiler default output file name
configure:2926: gcc    conftest.c  >&5
configure:2929: $? = 0
configure:2967: result: a.out
configure:2984: checking whether the C compiler works
configure:2994: ./a.out
configure:2997: $? = 0
configure:3014: result: yes
configure:3021: checking whether we are cross compiling
configure:3023: result: no
configure:3026: checking for suffix of executables
configure:3033: gcc -o conftest    conftest.c  >&5
configure:3036: $? = 0
configure:3060: result: 
configure:3066: checking for suffix of object files
configure:3092: gcc -c   conftest.c >&5
configure:3095: $? = 0
configure:3118: result: o
configure:3122: checking whether we are using the GNU C compiler
configure:3151: gcc -c   conftest.c >&5
configure:3157: $? = 0
configure:3174: result: yes
configure:3179: checking whether gcc accepts -g
configure:3209: gcc -c -g  conftest.c >&5
configure:3215: $? = 0
configure:3314: result: yes
configure:3331: checking for gcc option to accept ISO C89
configure:3405: gcc  -c -g -O2  conftest.c >&5
configure:3411: $? = 0
configure:3434: result: none needed
configure:3454: checking dependency style of gcc
configure:3544: result: gcc3
configure:3567: checking for utmpx.h
configure:3590: gcc -c -g -O2  conftest.c >&5
configure:3596: $? = 0
configure:3612: result: yes
configure:3567: checking for sys/select.h
configure:3590: gcc -c -g -O2  conftest.c >&5
configure:3596: $? = 0
configure:3612: result: yes
configure:3654: checking for pkg-config
configure:3672: found /usr/bin/pkg-config
configure:3685: result: /usr/bin/pkg-config
configure:3707: checking for GTK+ - version >= 2.0.0
configure:3863: result: no
configure:3901: gcc -o conftest -g -O2    conftest.c   >&5
conftest.c:14:21: error: gtk/gtk.h: No such file or directory
conftest.c: In function 'main':
conftest.c:20: error: 'gtk_major_version' undeclared (first use in this function)
conftest.c:20: error: (Each undeclared identifier is reported only once
conftest.c:20: error: for each function it appears in.)
conftest.c:20: error: 'gtk_minor_version' undeclared (first use in this function)
conftest.c:20: error: 'gtk_micro_version' undeclared (first use in this function)
configure:3907: $? = 1
configure: failed program was:
| /* confdefs.h.  */
| #define PACKAGE_NAME "putty"
| #define PACKAGE_TARNAME "putty"
| #define PACKAGE_VERSION "0.62-2012-09-02"
| #define PACKAGE_STRING "putty 0.62-2012-09-02"
| #define PACKAGE_BUGREPORT ""
| #define PACKAGE "putty"
| #define VERSION "0.62-2012-09-02"
| #define WITH_GSSAPI 1
| #define HAVE_UTMPX_H 1
| #define HAVE_SYS_SELECT_H 1
| /* end confdefs.h.  */
| 
| #include <gtk/gtk.h>
| #include <stdio.h>
| 
| int
| main ()
| {
|  return ((gtk_major_version) || (gtk_minor_version) || (gtk_micro_version));
|   ;
|   return 0;
| }
configure:3999: checking for gtk-config
configure:4030: result: no
configure:4039: checking for GTK - version >= 1.2.0
configure:4186: result: no
configure:4393: checking for library containing socket
configure:4434: gcc -o conftest -g -O2   conftest.c  >&5
configure:4440: $? = 0
configure:4468: result: none required
configure:4482: checking how to run the C preprocessor
configure:4522: gcc -E  conftest.c
configure:4528: $? = 0
configure:4559: gcc -E  conftest.c
conftest.c:13:28: error: ac_nonexistent.h: No such file or directory
configure:4565: $? = 1
configure: failed program was:
| /* confdefs.h.  */
| #define PACKAGE_NAME "putty"
| #define PACKAGE_TARNAME "putty"
| #define PACKAGE_VERSION "0.62-2012-09-02"
| #define PACKAGE_STRING "putty 0.62-2012-09-02"
| #define PACKAGE_BUGREPORT ""
| #define PACKAGE "putty"
| #define VERSION "0.62-2012-09-02"
| #define WITH_GSSAPI 1
| #define HAVE_UTMPX_H 1
| #define HAVE_SYS_SELECT_H 1
| /* end confdefs.h.  */
| #include <ac_nonexistent.h>
configure:4598: result: gcc -E
configure:4627: gcc -E  conftest.c
configure:4633: $? = 0
configure:4664: gcc -E  conftest.c
conftest.c:13:28: error: ac_nonexistent.h: No such file or directory
configure:4670: $? = 1
configure: failed program was:
| /* confdefs.h.  */
| #define PACKAGE_NAME "putty"
| #define PACKAGE_TARNAME "putty"
| #define PACKAGE_VERSION "0.62-2012-09-02"
| #define PACKAGE_STRING "putty 0.62-2012-09-02"
| #define PACKAGE_BUGREPORT ""
| #define PACKAGE "putty"
| #define VERSION "0.62-2012-09-02"
| #define WITH_GSSAPI 1
| #define HAVE_UTMPX_H 1
| #define HAVE_SYS_SELECT_H 1
| /* end confdefs.h.  */
| #include <ac_nonexistent.h>
configure:4708: checking for grep that handles long lines and -e
configure:4782: result: /usr/bin/grep
configure:4787: checking for egrep
configure:4865: result: /usr/bin/grep -E
configure:4870: checking for ANSI C header files
configure:4900: gcc -c -g -O2  conftest.c >&5
configure:4906: $? = 0
configure:5005: gcc -o conftest -g -O2   conftest.c  >&5
configure:5008: $? = 0
configure:5014: ./conftest
configure:5017: $? = 0
configure:5034: result: yes
configure:5058: checking for sys/types.h
configure:5079: gcc -c -g -O2  conftest.c >&5
configure:5085: $? = 0
configure:5101: result: yes
configure:5058: checking for sys/stat.h
configure:5079: gcc -c -g -O2  conftest.c >&5
configure:5085: $? = 0
configure:5101: result: yes
configure:5058: checking for stdlib.h
configure:5079: gcc -c -g -O2  conftest.c >&5
configure:5085: $? = 0
configure:5101: result: yes
configure:5058: checking for string.h
configure:5079: gcc -c -g -O2  conftest.c >&5
configure:5085: $? = 0
configure:5101: result: yes
configure:5058: checking for memory.h
configure:5079: gcc -c -g -O2  conftest.c >&5
configure:5085: $? = 0
configure:5101: result: yes
configure:5058: checking for strings.h
configure:5079: gcc -c -g -O2  conftest.c >&5
configure:5085: $? = 0
configure:5101: result: yes
configure:5058: checking for inttypes.h
configure:5079: gcc -c -g -O2  conftest.c >&5
configure:5085: $? = 0
configure:5101: result: yes
configure:5058: checking for stdint.h
configure:5079: gcc -c -g -O2  conftest.c >&5
configure:5085: $? = 0
configure:5101: result: yes
configure:5058: checking for unistd.h
configure:5079: gcc -c -g -O2  conftest.c >&5
configure:5085: $? = 0
configure:5101: result: yes
configure:5114: checking for library containing dlopen
configure:5155: gcc -o conftest -g -O2   conftest.c  >&5
configure:5161: $? = 0
configure:5189: result: none required
configure:5435: checking for XOpenDisplay in -lX11
configure:5470: gcc -o conftest -g -O2   conftest.c -lX11   >&5
ld: library not found for -lX11
collect2: ld returned 1 exit status
configure:5476: $? = 1
configure: failed program was:
| /* confdefs.h.  */
| #define PACKAGE_NAME "putty"
| #define PACKAGE_TARNAME "putty"
| #define PACKAGE_VERSION "0.62-2012-09-02"
| #define PACKAGE_STRING "putty 0.62-2012-09-02"
| #define PACKAGE_BUGREPORT ""
| #define PACKAGE "putty"
| #define VERSION "0.62-2012-09-02"
| #define WITH_GSSAPI 1
| #define HAVE_UTMPX_H 1
| #define HAVE_SYS_SELECT_H 1
| #define STDC_HEADERS 1
| #define HAVE_SYS_TYPES_H 1
| #define HAVE_SYS_STAT_H 1
| #define HAVE_STDLIB_H 1
| #define HAVE_STRING_H 1
| #define HAVE_MEMORY_H 1
| #define HAVE_STRINGS_H 1
| #define HAVE_INTTYPES_H 1
| #define HAVE_STDINT_H 1
| #define HAVE_UNISTD_H 1
| /* end confdefs.h.  */
| 
| /* Override any GCC internal prototype to avoid an error.
|    Use char because int might match the return type of a GCC
|    builtin and then its argument prototype would still apply.  */
| #ifdef __cplusplus
| extern "C"
| #endif
| char XOpenDisplay ();
| int
| main ()
| {
| return XOpenDisplay ();
|   ;
|   return 0;
| }
configure:5494: result: no
configure:5514: checking for getaddrinfo
configure:5570: gcc -o conftest -g -O2   conftest.c  >&5
configure:5576: $? = 0
configure:5594: result: yes
configure:5514: checking for ptsname
configure:5570: gcc -o conftest -g -O2   conftest.c  >&5
configure:5576: $? = 0
configure:5594: result: yes
configure:5514: checking for setresuid
configure:5570: gcc -o conftest -g -O2   conftest.c  >&5
Undefined symbols for architecture x86_64:
  "_setresuid", referenced from:
      _main in cctLpBpZ.o
ld: symbol(s) not found for architecture x86_64
collect2: ld returned 1 exit status
configure:5576: $? = 1
configure: failed program was:
| /* confdefs.h.  */
| #define PACKAGE_NAME "putty"
| #define PACKAGE_TARNAME "putty"
| #define PACKAGE_VERSION "0.62-2012-09-02"
| #define PACKAGE_STRING "putty 0.62-2012-09-02"
| #define PACKAGE_BUGREPORT ""
| #define PACKAGE "putty"
| #define VERSION "0.62-2012-09-02"
| #define WITH_GSSAPI 1
| #define HAVE_UTMPX_H 1
| #define HAVE_SYS_SELECT_H 1
| #define STDC_HEADERS 1
| #define HAVE_SYS_TYPES_H 1
| #define HAVE_SYS_STAT_H 1
| #define HAVE_STDLIB_H 1
| #define HAVE_STRING_H 1
| #define HAVE_MEMORY_H 1
| #define HAVE_STRINGS_H 1
| #define HAVE_INTTYPES_H 1
| #define HAVE_STDINT_H 1
| #define HAVE_UNISTD_H 1
| #define HAVE_GETADDRINFO 1
| #define HAVE_PTSNAME 1
| /* end confdefs.h.  */
| /* Define setresuid to an innocuous variant, in case <limits.h> declares setresuid.
|    For example, HP-UX 11i <limits.h> declares gettimeofday.  */
| #define setresuid innocuous_setresuid
| 
| /* System header to define __stub macros and hopefully few prototypes,
|     which can conflict with char setresuid (); below.
|     Prefer <limits.h> to <assert.h> if __STDC__ is defined, since
|     <limits.h> exists even on freestanding compilers.  */
| 
| #ifdef __STDC__
| # include <limits.h>
| #else
| # include <assert.h>
| #endif
| 
| #undef setresuid
| 
| /* Override any GCC internal prototype to avoid an error.
|    Use char because int might match the return type of a GCC
|    builtin and then its argument prototype would still apply.  */
| #ifdef __cplusplus
| extern "C"
| #endif
| char setresuid ();
| /* The GNU C library defines this for functions which it implements
|     to always fail with ENOSYS.  Some functions are actually named
|     something starting with __ and the normal name is an alias.  */
| #if defined __stub_setresuid || defined __stub___setresuid
| choke me
| #endif
| 
| int
| main ()
| {
| return setresuid ();
|   ;
|   return 0;
| }
configure:5594: result: no
configure:5514: checking for strsignal
configure:5570: gcc -o conftest -g -O2   conftest.c  >&5
configure:5576: $? = 0
configure:5594: result: yes
configure:5514: checking for updwtmpx
configure:5570: gcc -o conftest -g -O2   conftest.c  >&5
Undefined symbols for architecture x86_64:
  "_updwtmpx", referenced from:
      _main in ccRObzGR.o
ld: symbol(s) not found for architecture x86_64
collect2: ld returned 1 exit status
configure:5576: $? = 1
configure: failed program was:
| /* confdefs.h.  */
| #define PACKAGE_NAME "putty"
| #define PACKAGE_TARNAME "putty"
| #define PACKAGE_VERSION "0.62-2012-09-02"
| #define PACKAGE_STRING "putty 0.62-2012-09-02"
| #define PACKAGE_BUGREPORT ""
| #define PACKAGE "putty"
| #define VERSION "0.62-2012-09-02"
| #define WITH_GSSAPI 1
| #define HAVE_UTMPX_H 1
| #define HAVE_SYS_SELECT_H 1
| #define STDC_HEADERS 1
| #define HAVE_SYS_TYPES_H 1
| #define HAVE_SYS_STAT_H 1
| #define HAVE_STDLIB_H 1
| #define HAVE_STRING_H 1
| #define HAVE_MEMORY_H 1
| #define HAVE_STRINGS_H 1
| #define HAVE_INTTYPES_H 1
| #define HAVE_STDINT_H 1
| #define HAVE_UNISTD_H 1
| #define HAVE_GETADDRINFO 1
| #define HAVE_PTSNAME 1
| #define HAVE_STRSIGNAL 1
| /* end confdefs.h.  */
| /* Define updwtmpx to an innocuous variant, in case <limits.h> declares updwtmpx.
|    For example, HP-UX 11i <limits.h> declares gettimeofday.  */
| #define updwtmpx innocuous_updwtmpx
| 
| /* System header to define __stub macros and hopefully few prototypes,
|     which can conflict with char updwtmpx (); below.
|     Prefer <limits.h> to <assert.h> if __STDC__ is defined, since
|     <limits.h> exists even on freestanding compilers.  */
| 
| #ifdef __STDC__
| # include <limits.h>
| #else
| # include <assert.h>
| #endif
| 
| #undef updwtmpx
| 
| /* Override any GCC internal prototype to avoid an error.
|    Use char because int might match the return type of a GCC
|    builtin and then its argument prototype would still apply.  */
| #ifdef __cplusplus
| extern "C"
| #endif
| char updwtmpx ();
| /* The GNU C library defines this for functions which it implements
|     to always fail with ENOSYS.  Some functions are actually named
|     something starting with __ and the normal name is an alias.  */
| #if defined __stub_updwtmpx || defined __stub___updwtmpx
| choke me
| #endif
| 
| int
| main ()
| {
| return updwtmpx ();
|   ;
|   return 0;
| }
configure:5594: result: no
configure:5604: checking whether CLOCK_MONOTONIC is declared
configure:5634: gcc -c -g -O2  conftest.c >&5
conftest.c: In function 'main':
conftest.c:32: error: 'CLOCK_MONOTONIC' undeclared (first use in this function)
conftest.c:32: error: (Each undeclared identifier is reported only once
conftest.c:32: error: for each function it appears in.)
configure:5640: $? = 1
configure: failed program was:
| /* confdefs.h.  */
| #define PACKAGE_NAME "putty"
| #define PACKAGE_TARNAME "putty"
| #define PACKAGE_VERSION "0.62-2012-09-02"
| #define PACKAGE_STRING "putty 0.62-2012-09-02"
| #define PACKAGE_BUGREPORT ""
| #define PACKAGE "putty"
| #define VERSION "0.62-2012-09-02"
| #define WITH_GSSAPI 1
| #define HAVE_UTMPX_H 1
| #define HAVE_SYS_SELECT_H 1
| #define STDC_HEADERS 1
| #define HAVE_SYS_TYPES_H 1
| #define HAVE_SYS_STAT_H 1
| #define HAVE_STDLIB_H 1
| #define HAVE_STRING_H 1
| #define HAVE_MEMORY_H 1
| #define HAVE_STRINGS_H 1
| #define HAVE_INTTYPES_H 1
| #define HAVE_STDINT_H 1
| #define HAVE_UNISTD_H 1
| #define HAVE_GETADDRINFO 1
| #define HAVE_PTSNAME 1
| #define HAVE_STRSIGNAL 1
| /* end confdefs.h.  */
| #include <time.h>
| 
| int
| main ()
| {
| #ifndef CLOCK_MONOTONIC
|   (void) CLOCK_MONOTONIC;
| #endif
| 
|   ;
|   return 0;
| }
configure:5655: result: no
configure:5673: checking for library containing clock_gettime
configure:5714: gcc -o conftest -g -O2   conftest.c  >&5
Undefined symbols for architecture x86_64:
  "_clock_gettime", referenced from:
      _main in ccsFPv3V.o
ld: symbol(s) not found for architecture x86_64
collect2: ld returned 1 exit status
configure:5720: $? = 1
configure: failed program was:
| /* confdefs.h.  */
| #define PACKAGE_NAME "putty"
| #define PACKAGE_TARNAME "putty"
| #define PACKAGE_VERSION "0.62-2012-09-02"
| #define PACKAGE_STRING "putty 0.62-2012-09-02"
| #define PACKAGE_BUGREPORT ""
| #define PACKAGE "putty"
| #define VERSION "0.62-2012-09-02"
| #define WITH_GSSAPI 1
| #define HAVE_UTMPX_H 1
| #define HAVE_SYS_SELECT_H 1
| #define STDC_HEADERS 1
| #define HAVE_SYS_TYPES_H 1
| #define HAVE_SYS_STAT_H 1
| #define HAVE_STDLIB_H 1
| #define HAVE_STRING_H 1
| #define HAVE_MEMORY_H 1
| #define HAVE_STRINGS_H 1
| #define HAVE_INTTYPES_H 1
| #define HAVE_STDINT_H 1
| #define HAVE_UNISTD_H 1
| #define HAVE_GETADDRINFO 1
| #define HAVE_PTSNAME 1
| #define HAVE_STRSIGNAL 1
| #define HAVE_DECL_CLOCK_MONOTONIC 0
| /* end confdefs.h.  */
| 
| /* Override any GCC internal prototype to avoid an error.
|    Use char because int might match the return type of a GCC
|    builtin and then its argument prototype would still apply.  */
| #ifdef __cplusplus
| extern "C"
| #endif
| char clock_gettime ();
| int
| main ()
| {
| return clock_gettime ();
|   ;
|   return 0;
| }
configure:5714: gcc -o conftest -g -O2   conftest.c -lrt   >&5
ld: library not found for -lrt
collect2: ld returned 1 exit status
configure:5720: $? = 1
configure: failed program was:
| /* confdefs.h.  */
| #define PACKAGE_NAME "putty"
| #define PACKAGE_TARNAME "putty"
| #define PACKAGE_VERSION "0.62-2012-09-02"
| #define PACKAGE_STRING "putty 0.62-2012-09-02"
| #define PACKAGE_BUGREPORT ""
| #define PACKAGE "putty"
| #define VERSION "0.62-2012-09-02"
| #define WITH_GSSAPI 1
| #define HAVE_UTMPX_H 1
| #define HAVE_SYS_SELECT_H 1
| #define STDC_HEADERS 1
| #define HAVE_SYS_TYPES_H 1
| #define HAVE_SYS_STAT_H 1
| #define HAVE_STDLIB_H 1
| #define HAVE_STRING_H 1
| #define HAVE_MEMORY_H 1
| #define HAVE_STRINGS_H 1
| #define HAVE_INTTYPES_H 1
| #define HAVE_STDINT_H 1
| #define HAVE_UNISTD_H 1
| #define HAVE_GETADDRINFO 1
| #define HAVE_PTSNAME 1
| #define HAVE_STRSIGNAL 1
| #define HAVE_DECL_CLOCK_MONOTONIC 0
| /* end confdefs.h.  */
| 
| /* Override any GCC internal prototype to avoid an error.
|    Use char because int might match the return type of a GCC
|    builtin and then its argument prototype would still apply.  */
| #ifdef __cplusplus
| extern "C"
| #endif
| char clock_gettime ();
| int
| main ()
| {
| return clock_gettime ();
|   ;
|   return 0;
| }
configure:5748: result: no
configure:5898: creating ./config.status

## ---------------------- ##
## Running config.status. ##
## ---------------------- ##

This file was extended by putty config.status 0.62-2012-09-02, which was
generated by GNU Autoconf 2.61.  Invocation command line was

  CONFIG_FILES    = 
  CONFIG_HEADERS  = 
  CONFIG_LINKS    = 
  CONFIG_COMMANDS = 
  $ ./config.status 

on DuanmatoMacBook-Air.local

config.status:645: creating Makefile
config.status:645: creating uxconfig.h
config.status:918: executing depfiles commands

## ---------------- ##
## Cache variables. ##
## ---------------- ##

ac_cv_c_compiler_gnu=yes
ac_cv_env_CC_set=
ac_cv_env_CC_value=
ac_cv_env_CFLAGS_set=
ac_cv_env_CFLAGS_value=
ac_cv_env_CPPFLAGS_set=
ac_cv_env_CPPFLAGS_value=
ac_cv_env_CPP_set=
ac_cv_env_CPP_value=
ac_cv_env_LDFLAGS_set=
ac_cv_env_LDFLAGS_value=
ac_cv_env_LIBS_set=
ac_cv_env_LIBS_value=
ac_cv_env_build_alias_set=
ac_cv_env_build_alias_value=
ac_cv_env_host_alias_set=
ac_cv_env_host_alias_value=
ac_cv_env_target_alias_set=
ac_cv_env_target_alias_value=
ac_cv_func_getaddrinfo=yes
ac_cv_func_ptsname=yes
ac_cv_func_setresuid=no
ac_cv_func_strsignal=yes
ac_cv_func_updwtmpx=no
ac_cv_have_decl_CLOCK_MONOTONIC=no
ac_cv_header_inttypes_h=yes
ac_cv_header_memory_h=yes
ac_cv_header_stdc=yes
ac_cv_header_stdint_h=yes
ac_cv_header_stdlib_h=yes
ac_cv_header_string_h=yes
ac_cv_header_strings_h=yes
ac_cv_header_sys_select_h=yes
ac_cv_header_sys_stat_h=yes
ac_cv_header_sys_types_h=yes
ac_cv_header_unistd_h=yes
ac_cv_header_utmpx_h=yes
ac_cv_lib_X11_XOpenDisplay=no
ac_cv_objext=o
ac_cv_path_EGREP='/usr/bin/grep -E'
ac_cv_path_GREP=/usr/bin/grep
ac_cv_path_GTK_CONFIG=no
ac_cv_path_PKG_CONFIG=/usr/bin/pkg-config
ac_cv_path_install='/usr/bin/install -c'
ac_cv_prog_AWK=awk
ac_cv_prog_CPP='gcc -E'
ac_cv_prog_ac_ct_CC=gcc
ac_cv_prog_ac_ct_RANLIB=ranlib
ac_cv_prog_cc_c89=
ac_cv_prog_cc_g=yes
ac_cv_prog_make_make_set=yes
ac_cv_search_clock_gettime=no
ac_cv_search_dlopen='none required'
ac_cv_search_socket='none required'
am_cv_CC_dependencies_compiler_type=gcc3

## ----------------- ##
## Output variables. ##
## ----------------- ##

ACLOCAL='${SHELL} /Users/chemhack/Documents/Code/putty/unix/missing --run aclocal-1.9'
AMDEPBACKSLASH='\'
AMDEP_FALSE='#'
AMDEP_TRUE=''
AMTAR='${SHELL} /Users/chemhack/Documents/Code/putty/unix/missing --run tar'
AUTOCONF='${SHELL} /Users/chemhack/Documents/Code/putty/unix/missing --run autoconf'
AUTOHEADER='${SHELL} /Users/chemhack/Documents/Code/putty/unix/missing --run autoheader'
AUTOMAKE='${SHELL} /Users/chemhack/Documents/Code/putty/unix/missing --run automake-1.9'
AWK='awk'
CC='gcc'
CCDEPMODE='depmode=gcc3'
CFLAGS='-g -O2'
CPP='gcc -E'
CPPFLAGS=''
CYGPATH_W='echo'
DEFS='-DHAVE_CONFIG_H'
DEPDIR='.deps'
ECHO_C='ECHO_N=''
ECHO_T=''
EGREP='/usr/bin/grep -E'
EXEEXT=''
GREP='/usr/bin/grep'
GTK_CFLAGS=''
GTK_CONFIG='no'
GTK_LIBS=''
HAVE_GTK_FALSE=''
HAVE_GTK_TRUE='#'
HAVE_SETID_CMD_FALSE=''
HAVE_SETID_CMD_TRUE='#'
INSTALL_DATA='${INSTALL} -m 644'
INSTALL_PROGRAM='${INSTALL}'
INSTALL_SCRIPT='${INSTALL}'
INSTALL_STRIP_PROGRAM='${SHELL} $(install_sh) -c -s'
LDFLAGS=''
LIBOBJS=''
LIBS=''
LTLIBOBJS=''
MAKEINFO='${SHELL} /Users/chemhack/Documents/Code/putty/unix/missing --run makeinfo'
OBJEXT='o'
PACKAGE='putty'
PACKAGE_BUGREPORT=''
PACKAGE_NAME='putty'
PACKAGE_STRING='putty 0.62-2012-09-02'
PACKAGE_TARNAME='putty'
PACKAGE_VERSION='0.62-2012-09-02'
PATH_SEPARATOR=':'
PKG_CONFIG='/usr/bin/pkg-config'
RANLIB='ranlib'
SETID_CMD=''
SETID_MODE=''
SET_MAKE=''
SHELL='/bin/sh'
STRIP=''
VERSION='0.62-2012-09-02'
WARNINGOPTS='-Wall -Werror'
ac_ct_CC='gcc'
am__fastdepCC_FALSE='#'
am__fastdepCC_TRUE=''
am__include='include'
am__leading_dot='.'
am__quote=''
am__tar='${AMTAR} chof - "$$tardir"'
am__untar='${AMTAR} xf -'
bindir='${exec_prefix}/bin'
build_alias=''
datadir='${datarootdir}'
datarootdir='${prefix}/share'
docdir='${datarootdir}/doc/${PACKAGE_TARNAME}'
dvidir='${docdir}'
exec_prefix='${prefix}'
host_alias=''
htmldir='${docdir}'
includedir='${prefix}/include'
infodir='${datarootdir}/info'
install_sh='/Users/chemhack/Documents/Code/putty/unix/install-sh'
libdir='${exec_prefix}/lib'
libexecdir='${exec_prefix}/libexec'
localedir='${datarootdir}/locale'
localstatedir='${prefix}/var'
mandir='${datarootdir}/man'
mkdir_p='$(install_sh) -d'
oldincludedir='/usr/include'
pdfdir='${docdir}'
prefix='/usr/local'
program_transform_name='s,x,x,'
psdir='${docdir}'
sbindir='${exec_prefix}/sbin'
sharedstatedir='${prefix}/com'
sysconfdir='${prefix}/etc'
target_alias=''

## ----------- ##
## confdefs.h. ##
## ----------- ##

#define PACKAGE_NAME "putty"
#define PACKAGE_TARNAME "putty"
#define PACKAGE_VERSION "0.62-2012-09-02"
#define PACKAGE_STRING "putty 0.62-2012-09-02"
#define PACKAGE_BUGREPORT ""
#define PACKAGE "putty"
#define VERSION "0.62-2012-09-02"
#define WITH_GSSAPI 1
#define HAVE_UTMPX_H 1
#define HAVE_SYS_SELECT_H 1
#define STDC_HEADERS 1
#define HAVE_SYS_TYPES_H 1
#define HAVE_SYS_STAT_H 1
#define HAVE_STDLIB_H 1
#define HAVE_STRING_H 1
#define HAVE_MEMORY_H 1
#define HAVE_STRINGS_H 1
#define HAVE_INTTYPES_H 1
#define HAVE_STDINT_H 1
#define HAVE_UNISTD_H 1
#define HAVE_GETADDRINFO 1
#define HAVE_PTSNAME 1
#define HAVE_STRSIGNAL 1
#define HAVE_DECL_CLOCK_MONOTONIC 0

configure: exit 0
